2026-07-06 22:30:02,228  INFO     ======================================================================
2026-07-06 22:30:02,228  INFO     ALLClear Training - Stage1
2026-07-06 22:30:02,228  INFO     Config: configs/allclear_dadigan_lama_ffc_stage1_rgb_lama_native_preproc_sigmoid.yaml
2026-07-06 22:30:02,228  INFO     Run directory: outputs/allclear/2026-07-06T22-30-02_stage1__dadigan_lama_ffc_lamanative_sigmoid_v1_lossepoch
2026-07-06 22:30:02,228  INFO     Device: cuda:0 (1 visible GPU(s), world_size=1, rank=0)
2026-07-06 22:30:02,228  INFO     Model S2 band subset enabled: [3, 2, 1]
2026-07-06 22:30:02,228  INFO     Model reflectance stretch enabled: [0.0000, 0.3500] -> [0, 1]
2026-07-06 22:30:02,228  INFO     ======================================================================
2026-07-06 22:30:02,245  INFO     Train batches: 436  |  Val batches: 44
2026-07-06 22:30:04,278  INFO     Loss profile: dadigan_lama_ffc (cloud/degraded restoration terms only)
2026-07-06 22:30:04,278  INFO     Training: epochs=200 (start=1)  batch_size_per_rank=6  grad_accum=1  effective_global_batch=6  lr=4.0e-05  val_every=1  keep_best=1
2026-07-06 22:30:04,278  INFO     Best checkpoint metric: recon_total
2026-07-06 22:43:10,759  INFO     Epoch    1/200 | T total=0.2785  cloud.adv=0.0000  cloud.kl=0.0000  cloud.l1=0.0000  cloud.l1.known=0.0278  cloud.l1.missing=0.0000  feature.matching=0.0000  gan.total=0.0000  perceptual=0.0000  perceptual.total=0.0000  pixel.total=0.2785  recon.total=0.2785 |      | train_time=0:13:06  sec/batch=1.804  elapsed=0:13:06  eta=1 day, 19:28:29
2026-07-06 22:43:42,339  INFO     Epoch    1/200 | V total=0.2376  cloud.adv=0.0000  cloud.kl=0.0000  cloud.l1=0.0000  cloud.l1.known=0.0238  cloud.l1.missing=0.0000  feature.matching=0.0000  gan.total=0.0000  perceptual=0.0000  perceptual.total=0.0000  pixel.total=0.2376  recon.total=0.2376 | val_time=0:00:31
2026-07-06 22:43:43,021  INFO     Epoch    1/200 | *** New best: recon_total=0.237635 ***
2026-07-06 22:56:59,372  INFO     Epoch    2/200 | T total=0.2101  cloud.adv=0.0000  cloud.kl=0.0000  cloud.l1=0.0000  cloud.l1.known=0.0210  cloud.l1.missing=0.0000  feature.matching=0.0000  gan.total=0.0000  perceptual=0.0000  perceptual.total=0.0000  pixel.total=0.2101  recon.total=0.2101 |      | train_time=0:13:16  sec/batch=1.826  elapsed=0:26:55  eta=1 day, 20:24:54
2026-07-06 22:57:19,799  INFO     Epoch    2/200 | V total=0.1977  cloud.adv=0.0000  cloud.kl=0.0000  cloud.l1=0.0000  cloud.l1.known=0.0198  cloud.l1.missing=0.0000  feature.matching=0.0000  gan.total=0.0000  perceptual=0.0000  perceptual.total=0.0000  pixel.total=0.1977  recon.total=0.1977 | val_time=0:00:20
2026-07-06 22:57:20,974  INFO     Epoch    2/200 | *** New best: recon_total=0.197692 ***
2026-07-06 23:10:15,197  INFO     Epoch    3/200 | T total=0.2000  cloud.adv=0.0000  cloud.kl=0.0000  cloud.l1=0.0000  cloud.l1.known=0.0200  cloud.l1.missing=0.0000  feature.matching=0.0000  gan.total=0.0000  perceptual=0.0000  perceptual.total=0.0000  pixel.total=0.2000  recon.total=0.2000 |      | train_time=0:12:54  sec/batch=1.776  elapsed=0:40:10  eta=1 day, 19:58:37
2026-07-06 23:10:42,594  INFO     Epoch    3/200 | V total=0.1848  cloud.adv=0.0000  cloud.kl=0.0000  cloud.l1=0.0000  cloud.l1.known=0.0185  cloud.l1.missing=0.0000  feature.matching=0.0000  gan.total=0.0000  perceptual=0.0000  perceptual.total=0.0000  pixel.total=0.1848  recon.total=0.1848 | val_time=0:00:27
2026-07-06 23:10:43,416  INFO     Epoch    3/200 | *** New best: recon_total=0.184833 ***
2026-07-06 23:23:34,453  INFO     Epoch    4/200 | T total=0.1905  cloud.adv=0.0000  cloud.kl=0.0000  cloud.l1=0.0000  cloud.l1.known=0.0190  cloud.l1.missing=0.0000  feature.matching=0.0000  gan.total=0.0000  perceptual=0.0000  perceptual.total=0.0000  pixel.total=0.1905  recon.total=0.1905 |      | train_time=0:12:51  sec/batch=1.768  elapsed=0:53:30  eta=1 day, 19:41:38
2026-07-06 23:24:02,403  INFO     Epoch    4/200 | V total=0.1804  cloud.adv=0.0000  cloud.kl=0.0000  cloud.l1=0.0000  cloud.l1.known=0.0180  cloud.l1.missing=0.0000  feature.matching=0.0000  gan.total=0.0000  perceptual=0.0000  perceptual.total=0.0000  pixel.total=0.1804  recon.total=0.1804 | val_time=0:00:27
2026-07-06 23:24:03,075  INFO     Epoch    4/200 | *** New best: recon_total=0.180383 ***
2026-07-06 23:37:10,597  INFO     Epoch    5/200 | T total=0.1815  cloud.adv=0.0000  cloud.kl=0.0000  cloud.l1=0.0000  cloud.l1.known=0.0182  cloud.l1.missing=0.0000  feature.matching=0.0000  gan.total=0.0000  perceptual=0.0000  perceptual.total=0.0000  pixel.total=0.1815  recon.total=0.1815 |      | train_time=0:13:07  sec/batch=1.806  elapsed=1:07:06  eta=1 day, 19:37:06
2026-07-06 23:37:39,146  INFO     Epoch    5/200 | V total=0.1848  cloud.adv=0.0000  cloud.kl=0.0000  cloud.l1=0.0000  cloud.l1.known=0.0185  cloud.l1.missing=0.0000  feature.matching=0.0000  gan.total=0.0000  perceptual=0.0000  perceptual.total=0.0000  pixel.total=0.1848  recon.total=0.1848 | val_time=0:00:28
2026-07-06 23:50:14,659  INFO     Epoch    6/200 | T total=0.1780  cloud.adv=0.0000  cloud.kl=0.0000  cloud.l1=0.0000  cloud.l1.known=0.0178  cloud.l1.missing=0.0000  feature.matching=0.0000  gan.total=0.0000  perceptual=0.0000  perceptual.total=0.0000  pixel.total=0.1780  recon.total=0.1780 |      | train_time=0:12:34  sec/batch=1.731  elapsed=1:20:10  eta=1 day, 19:12:15
2026-07-06 23:50:36,033  INFO     Epoch    6/200 | V total=0.1701  cloud.adv=0.0000  cloud.kl=0.0000  cloud.l1=0.0000  cloud.l1.known=0.0170  cloud.l1.missing=0.0000  feature.matching=0.0000  gan.total=0.0000  perceptual=0.0000  perceptual.total=0.0000  pixel.total=0.1701  recon.total=0.1701 | val_time=0:00:21
2026-07-06 23:50:37,747  INFO     Epoch    6/200 | *** New best: recon_total=0.170139 ***
2026-07-07 00:03:50,057  INFO     Epoch    7/200 | T total=0.1765  cloud.adv=0.0000  cloud.kl=0.0000  cloud.l1=0.0000  cloud.l1.known=0.0177  cloud.l1.missing=0.0000  feature.matching=0.0000  gan.total=0.0000  perceptual=0.0000  perceptual.total=0.0000  pixel.total=0.1765  recon.total=0.1765 |      | train_time=0:13:12  sec/batch=1.817  elapsed=1:33:45  eta=1 day, 19:05:10
2026-07-07 00:04:18,542  INFO     Epoch    7/200 | V total=0.1825  cloud.adv=0.0000  cloud.kl=0.0000  cloud.l1=0.0000  cloud.l1.known=0.0182  cloud.l1.missing=0.0000  feature.matching=0.0000  gan.total=0.0000  perceptual=0.0000  perceptual.total=0.0000  pixel.total=0.1825  recon.total=0.1825 | val_time=0:00:28
2026-07-07 00:17:05,094  INFO     Epoch    8/200 | T total=0.1743  cloud.adv=0.0000  cloud.kl=0.0000  cloud.l1=0.0000  cloud.l1.known=0.0174  cloud.l1.missing=0.0000  feature.matching=0.0000  gan.total=0.0000  perceptual=0.0000  perceptual.total=0.0000  pixel.total=0.1743  recon.total=0.1743 |      | train_time=0:12:45  sec/batch=1.757  elapsed=1:47:00  eta=1 day, 18:48:19
2026-07-07 00:17:32,491  INFO     Epoch    8/200 | V total=0.1748  cloud.adv=0.0000  cloud.kl=0.0000  cloud.l1=0.0000  cloud.l1.known=0.0175  cloud.l1.missing=0.0000  feature.matching=0.0000  gan.total=0.0000  perceptual=0.0000  perceptual.total=0.0000  pixel.total=0.1748  recon.total=0.1748 | val_time=0:00:27
2026-07-07 00:30:57,084  INFO     Epoch    9/200 | T total=0.1713  cloud.adv=0.0000  cloud.kl=0.0000  cloud.l1=0.0000  cloud.l1.known=0.0171  cloud.l1.missing=0.0000  feature.matching=0.0000  gan.total=0.0000  perceptual=0.0000  perceptual.total=0.0000  pixel.total=0.1713  recon.total=0.1713 |      | train_time=0:13:24  sec/batch=1.844  elapsed=2:00:52  eta=1 day, 18:45:20
2026-07-07 00:31:24,833  INFO     Epoch    9/200 | V total=0.1746  cloud.adv=0.0000  cloud.kl=0.0000  cloud.l1=0.0000  cloud.l1.known=0.0175  cloud.l1.missing=0.0000  feature.matching=0.0000  gan.total=0.0000  perceptual=0.0000  perceptual.total=0.0000  pixel.total=0.1746  recon.total=0.1746 | val_time=0:00:27
2026-07-07 00:44:01,813  INFO     Epoch   10/200 | T total=0.1730  cloud.adv=0.0000  cloud.kl=0.0000  cloud.l1=0.0000  cloud.l1.known=0.0173  cloud.l1.missing=0.0000  feature.matching=0.0000  gan.total=0.0000  perceptual=0.0000  perceptual.total=0.0000  pixel.total=0.1730  recon.total=0.1730 |      | train_time=0:12:36  sec/batch=1.735  elapsed=2:13:57  eta=1 day, 18:25:13
2026-07-07 00:44:30,031  INFO     Epoch   10/200 | V total=0.1650  cloud.adv=0.0000  cloud.kl=0.0000  cloud.l1=0.0000  cloud.l1.known=0.0165  cloud.l1.missing=0.0000  feature.matching=0.0000  gan.total=0.0000  perceptual=0.0000  perceptual.total=0.0000  pixel.total=0.1650  recon.total=0.1650 | val_time=0:00:28
2026-07-07 00:44:30,784  INFO     Epoch   10/200 | *** New best: recon_total=0.164986 ***
2026-07-07 00:57:52,419  INFO     Epoch   11/200 | T total=0.1673  cloud.adv=0.0000  cloud.kl=0.0000  cloud.l1=0.0000  cloud.l1.known=0.0167  cloud.l1.missing=0.0000  feature.matching=0.0000  gan.total=0.0000  perceptual=0.0000  perceptual.total=0.0000  pixel.total=0.1673  recon.total=0.1673 |      | train_time=0:13:21  sec/batch=1.839  elapsed=2:27:48  eta=1 day, 18:19:30
2026-07-07 00:58:20,725  INFO     Epoch   11/200 | V total=0.1835  cloud.adv=0.0000  cloud.kl=0.0000  cloud.l1=0.0000  cloud.l1.known=0.0183  cloud.l1.missing=0.0000  feature.matching=0.0000  gan.total=0.0000  perceptual=0.0000  perceptual.total=0.0000  pixel.total=0.1835  recon.total=0.1835 | val_time=0:00:28
2026-07-07 01:11:49,433  INFO     Epoch   12/200 | T total=0.1689  cloud.adv=0.0000  cloud.kl=0.0000  cloud.l1=0.0000  cloud.l1.known=0.0169  cloud.l1.missing=0.0000  feature.matching=0.0000  gan.total=0.0000  perceptual=0.0000  perceptual.total=0.0000  pixel.total=0.1689  recon.total=0.1689 |      | train_time=0:13:28  sec/batch=1.853  elapsed=2:41:45  eta=1 day, 18:14:07
2026-07-07 01:12:15,926  INFO     Epoch   12/200 | V total=0.1660  cloud.adv=0.0000  cloud.kl=0.0000  cloud.l1=0.0000  cloud.l1.known=0.0166  cloud.l1.missing=0.0000  feature.matching=0.0000  gan.total=0.0000  perceptual=0.0000  perceptual.total=0.0000  pixel.total=0.1660  recon.total=0.1660 | val_time=0:00:26
2026-07-07 01:25:42,009  INFO     Epoch   13/200 | T total=0.1683  cloud.adv=0.0000  cloud.kl=0.0000  cloud.l1=0.0000  cloud.l1.known=0.0168  cloud.l1.missing=0.0000  feature.matching=0.0000  gan.total=0.0000  perceptual=0.0000  perceptual.total=0.0000  pixel.total=0.1683  recon.total=0.1683 |      | train_time=0:13:25  sec/batch=1.848  elapsed=2:55:37  eta=1 day, 18:06:21
2026-07-07 01:26:10,027  INFO     Epoch   13/200 | V total=0.1788  cloud.adv=0.0000  cloud.kl=0.0000  cloud.l1=0.0000  cloud.l1.known=0.0179  cloud.l1.missing=0.0000  feature.matching=0.0000  gan.total=0.0000  perceptual=0.0000  perceptual.total=0.0000  pixel.total=0.1788  recon.total=0.1788 | val_time=0:00:28
2026-07-07 01:39:13,985  INFO     Epoch   14/200 | T total=0.1654  cloud.adv=0.0000  cloud.kl=0.0000  cloud.l1=0.0000  cloud.l1.known=0.0165  cloud.l1.missing=0.0000  feature.matching=0.0000  gan.total=0.0000  perceptual=0.0000  perceptual.total=0.0000  pixel.total=0.1654  recon.total=0.1654 |      | train_time=0:13:03  sec/batch=1.796  elapsed=3:09:09  eta=1 day, 17:53:08
2026-07-07 01:39:42,540  INFO     Epoch   14/200 | V total=0.1685  cloud.adv=0.0000  cloud.kl=0.0000  cloud.l1=0.0000  cloud.l1.known=0.0169  cloud.l1.missing=0.0000  feature.matching=0.0000  gan.total=0.0000  perceptual=0.0000  perceptual.total=0.0000  pixel.total=0.1685  recon.total=0.1685 | val_time=0:00:28
2026-07-07 01:52:52,447  INFO     Epoch   15/200 | T total=0.1657  cloud.adv=0.0000  cloud.kl=0.0000  cloud.l1=0.0000  cloud.l1.known=0.0166  cloud.l1.missing=0.0000  feature.matching=0.0000  gan.total=0.0000  perceptual=0.0000  perceptual.total=0.0000  pixel.total=0.1657  recon.total=0.1657 |      | train_time=0:13:09  sec/batch=1.810  elapsed=3:22:48  eta=1 day, 17:41:14
2026-07-07 01:53:19,700  INFO     Epoch   15/200 | V total=0.1645  cloud.adv=0.0000  cloud.kl=0.0000  cloud.l1=0.0000  cloud.l1.known=0.0165  cloud.l1.missing=0.0000  feature.matching=0.0000  gan.total=0.0000  perceptual=0.0000  perceptual.total=0.0000  pixel.total=0.1645  recon.total=0.1645 | val_time=0:00:27
2026-07-07 01:53:20,458  INFO     Epoch   15/200 | *** New best: recon_total=0.164532 ***
2026-07-07 02:06:12,365  INFO     Epoch   16/200 | T total=0.1654  cloud.adv=0.0000  cloud.kl=0.0000  cloud.l1=0.0000  cloud.l1.known=0.0165  cloud.l1.missing=0.0000  feature.matching=0.0000  gan.total=0.0000  perceptual=0.0000  perceptual.total=0.0000  pixel.total=0.1654  recon.total=0.1654 |      | train_time=0:12:51  sec/batch=1.770  elapsed=3:36:08  eta=1 day, 17:25:33
2026-07-07 02:06:40,295  INFO     Epoch   16/200 | V total=0.1680  cloud.adv=0.0000  cloud.kl=0.0000  cloud.l1=0.0000  cloud.l1.known=0.0168  cloud.l1.missing=0.0000  feature.matching=0.0000  gan.total=0.0000  perceptual=0.0000  perceptual.total=0.0000  pixel.total=0.1680  recon.total=0.1680 | val_time=0:00:27
2026-07-07 02:20:01,477  INFO     Epoch   17/200 | T total=0.1645  cloud.adv=0.0000  cloud.kl=0.0000  cloud.l1=0.0000  cloud.l1.known=0.0164  cloud.l1.missing=0.0000  feature.matching=0.0000  gan.total=0.0000  perceptual=0.0000  perceptual.total=0.0000  pixel.total=0.1645  recon.total=0.1645 |      | train_time=0:13:20  sec/batch=1.836  elapsed=3:49:57  eta=1 day, 17:15:22
2026-07-07 02:20:29,409  INFO     Epoch   17/200 | V total=0.1641  cloud.adv=0.0000  cloud.kl=0.0000  cloud.l1=0.0000  cloud.l1.known=0.0164  cloud.l1.missing=0.0000  feature.matching=0.0000  gan.total=0.0000  perceptual=0.0000  perceptual.total=0.0000  pixel.total=0.1641  recon.total=0.1641 | val_time=0:00:27
2026-07-07 02:20:30,138  INFO     Epoch   17/200 | *** New best: recon_total=0.164138 ***
2026-07-07 02:33:52,922  INFO     Epoch   18/200 | T total=0.1580  cloud.adv=0.0000  cloud.kl=0.0000  cloud.l1=0.0000  cloud.l1.known=0.0158  cloud.l1.missing=0.0000  feature.matching=0.0000  gan.total=0.0000  perceptual=0.0000  perceptual.total=0.0000  pixel.total=0.1580  recon.total=0.1580 |      | train_time=0:13:22  sec/batch=1.841  elapsed=4:03:48  eta=1 day, 17:05:11
2026-07-07 02:34:19,204  INFO     Epoch   18/200 | V total=0.1749  cloud.adv=0.0000  cloud.kl=0.0000  cloud.l1=0.0000  cloud.l1.known=0.0175  cloud.l1.missing=0.0000  feature.matching=0.0000  gan.total=0.0000  perceptual=0.0000  perceptual.total=0.0000  pixel.total=0.1749  recon.total=0.1749 | val_time=0:00:26
2026-07-07 02:48:26,883  INFO     Epoch   19/200 | T total=0.1579  cloud.adv=0.0000  cloud.kl=0.0000  cloud.l1=0.0000  cloud.l1.known=0.0158  cloud.l1.missing=0.0000  feature.matching=0.0000  gan.total=0.0000  perceptual=0.0000  perceptual.total=0.0000  pixel.total=0.1579  recon.total=0.1579 |      | train_time=0:14:07  sec/batch=1.943  elapsed=4:18:22  eta=1 day, 17:01:22
2026-07-07 02:48:53,277  INFO     Epoch   19/200 | V total=0.1739  cloud.adv=0.0000  cloud.kl=0.0000  cloud.l1=0.0000  cloud.l1.known=0.0174  cloud.l1.missing=0.0000  feature.matching=0.0000  gan.total=0.0000  perceptual=0.0000  perceptual.total=0.0000  pixel.total=0.1739  recon.total=0.1739 | val_time=0:00:26
2026-07-07 03:02:22,787  INFO     Epoch   20/200 | T total=0.1533  cloud.adv=0.0000  cloud.kl=0.0000  cloud.l1=0.0000  cloud.l1.known=0.0153  cloud.l1.missing=0.0000  feature.matching=0.0000  gan.total=0.0000  perceptual=0.0000  perceptual.total=0.0000  pixel.total=0.1533  recon.total=0.1533 |      | train_time=0:13:29  sec/batch=1.856  elapsed=4:32:18  eta=1 day, 16:50:46
2026-07-07 03:02:48,756  INFO     Epoch   20/200 | V total=0.1697  cloud.adv=0.0000  cloud.kl=0.0000  cloud.l1=0.0000  cloud.l1.known=0.0170  cloud.l1.missing=0.0000  feature.matching=0.0000  gan.total=0.0000  perceptual=0.0000  perceptual.total=0.0000  pixel.total=0.1697  recon.total=0.1697 | val_time=0:00:25
2026-07-07 03:16:22,115  INFO     Epoch   21/200 | T total=0.1539  cloud.adv=0.0000  cloud.kl=0.0000  cloud.l1=0.0000  cloud.l1.known=0.0154  cloud.l1.missing=0.0000  feature.matching=0.0000  gan.total=0.0000  perceptual=0.0000  perceptual.total=0.0000  pixel.total=0.1539  recon.total=0.1539 |      | train_time=0:13:32  sec/batch=1.864  elapsed=4:46:17  eta=1 day, 16:40:20
2026-07-07 03:16:47,492  INFO     Epoch   21/200 | V total=0.1700  cloud.adv=0.0000  cloud.kl=0.0000  cloud.l1=0.0000  cloud.l1.known=0.0170  cloud.l1.missing=0.0000  feature.matching=0.0000  gan.total=0.0000  perceptual=0.0000  perceptual.total=0.0000  pixel.total=0.1700  recon.total=0.1700 | val_time=0:00:25
2026-07-07 03:31:02,894  INFO     Epoch   22/200 | T total=0.1558  cloud.adv=0.0000  cloud.kl=0.0000  cloud.l1=0.0000  cloud.l1.known=0.0156  cloud.l1.missing=0.0000  feature.matching=0.0000  gan.total=0.0000  perceptual=0.0000  perceptual.total=0.0000  pixel.total=0.1558  recon.total=0.1558 |      | train_time=0:14:14  sec/batch=1.961  elapsed=5:00:58  eta=1 day, 16:35:10
2026-07-07 03:31:32,212  INFO     Epoch   22/200 | V total=0.1649  cloud.adv=0.0000  cloud.kl=0.0000  cloud.l1=0.0000  cloud.l1.known=0.0165  cloud.l1.missing=0.0000  feature.matching=0.0000  gan.total=0.0000  perceptual=0.0000  perceptual.total=0.0000  pixel.total=0.1649  recon.total=0.1649 | val_time=0:00:29
2026-07-07 03:45:11,036  INFO     Epoch   23/200 | T total=0.1523  cloud.adv=0.0000  cloud.kl=0.0000  cloud.l1=0.0000  cloud.l1.known=0.0152  cloud.l1.missing=0.0000  feature.matching=0.0000  gan.total=0.0000  perceptual=0.0000  perceptual.total=0.0000  pixel.total=0.1523  recon.total=0.1523 |      | train_time=0:13:37  sec/batch=1.876  elapsed=5:15:06  eta=1 day, 16:24:59
2026-07-07 03:45:36,307  INFO     Epoch   23/200 | V total=0.1681  cloud.adv=0.0000  cloud.kl=0.0000  cloud.l1=0.0000  cloud.l1.known=0.0168  cloud.l1.missing=0.0000  feature.matching=0.0000  gan.total=0.0000  perceptual=0.0000  perceptual.total=0.0000  pixel.total=0.1681  recon.total=0.1681 | val_time=0:00:25
2026-07-07 03:59:18,714  INFO     Epoch   24/200 | T total=0.1512  cloud.adv=0.0000  cloud.kl=0.0000  cloud.l1=0.0000  cloud.l1.known=0.0151  cloud.l1.missing=0.0000  feature.matching=0.0000  gan.total=0.0000  perceptual=0.0000  perceptual.total=0.0000  pixel.total=0.1512  recon.total=0.1512 |      | train_time=0:13:41  sec/batch=1.885  elapsed=5:29:14  eta=1 day, 16:14:25
2026-07-07 03:59:44,600  INFO     Epoch   24/200 | V total=0.1618  cloud.adv=0.0000  cloud.kl=0.0000  cloud.l1=0.0000  cloud.l1.known=0.0162  cloud.l1.missing=0.0000  feature.matching=0.0000  gan.total=0.0000  perceptual=0.0000  perceptual.total=0.0000  pixel.total=0.1618  recon.total=0.1618 | val_time=0:00:25
2026-07-07 03:59:45,710  INFO     Epoch   24/200 | *** New best: recon_total=0.161757 ***
2026-07-07 04:13:42,838  INFO     Epoch   25/200 | T total=0.1531  cloud.adv=0.0000  cloud.kl=0.0000  cloud.l1=0.0000  cloud.l1.known=0.0153  cloud.l1.missing=0.0000  feature.matching=0.0000  gan.total=0.0000  perceptual=0.0000  perceptual.total=0.0000  pixel.total=0.1531  recon.total=0.1531 |      | train_time=0:13:57  sec/batch=1.920  elapsed=5:43:38  eta=1 day, 16:05:29
2026-07-07 04:14:07,813  INFO     Epoch   25/200 | V total=0.1641  cloud.adv=0.0000  cloud.kl=0.0000  cloud.l1=0.0000  cloud.l1.known=0.0164  cloud.l1.missing=0.0000  feature.matching=0.0000  gan.total=0.0000  perceptual=0.0000  perceptual.total=0.0000  pixel.total=0.1641  recon.total=0.1641 | val_time=0:00:24
2026-07-07 04:28:21,411  INFO     Epoch   26/200 | T total=0.1508  cloud.adv=0.0000  cloud.kl=0.0000  cloud.l1=0.0000  cloud.l1.known=0.0151  cloud.l1.missing=0.0000  feature.matching=0.0000  gan.total=0.0000  perceptual=0.0000  perceptual.total=0.0000  pixel.total=0.1508  recon.total=0.1508 |      | train_time=0:14:13  sec/batch=1.957  elapsed=5:58:17  eta=1 day, 15:57:45
2026-07-07 04:28:47,368  INFO     Epoch   26/200 | V total=0.1629  cloud.adv=0.0000  cloud.kl=0.0000  cloud.l1=0.0000  cloud.l1.known=0.0163  cloud.l1.missing=0.0000  feature.matching=0.0000  gan.total=0.0000  perceptual=0.0000  perceptual.total=0.0000  pixel.total=0.1629  recon.total=0.1629 | val_time=0:00:25
2026-07-07 04:42:21,012  INFO     Epoch   27/200 | T total=0.1498  cloud.adv=0.0000  cloud.kl=0.0000  cloud.l1=0.0000  cloud.l1.known=0.0150  cloud.l1.missing=0.0000  feature.matching=0.0000  gan.total=0.0000  perceptual=0.0000  perceptual.total=0.0000  pixel.total=0.1498  recon.total=0.1498 |      | train_time=0:13:33  sec/batch=1.865  elapsed=6:12:16  eta=1 day, 15:45:20
2026-07-07 04:42:46,958  INFO     Epoch   27/200 | V total=0.1579  cloud.adv=0.0000  cloud.kl=0.0000  cloud.l1=0.0000  cloud.l1.known=0.0158  cloud.l1.missing=0.0000  feature.matching=0.0000  gan.total=0.0000  perceptual=0.0000  perceptual.total=0.0000  pixel.total=0.1579  recon.total=0.1579 | val_time=0:00:25
2026-07-07 04:42:47,856  INFO     Epoch   27/200 | *** New best: recon_total=0.157914 ***
2026-07-07 04:56:33,170  INFO     Epoch   28/200 | T total=0.1489  cloud.adv=0.0000  cloud.kl=0.0000  cloud.l1=0.0000  cloud.l1.known=0.0149  cloud.l1.missing=0.0000  feature.matching=0.0000  gan.total=0.0000  perceptual=0.0000  perceptual.total=0.0000  pixel.total=0.1489  recon.total=0.1489 |      | train_time=0:13:45  sec/batch=1.893  elapsed=6:26:28  eta=1 day, 15:34:06
2026-07-07 04:56:58,568  INFO     Epoch   28/200 | V total=0.1603  cloud.adv=0.0000  cloud.kl=0.0000  cloud.l1=0.0000  cloud.l1.known=0.0160  cloud.l1.missing=0.0000  feature.matching=0.0000  gan.total=0.0000  perceptual=0.0000  perceptual.total=0.0000  pixel.total=0.1603  recon.total=0.1603 | val_time=0:00:25
2026-07-07 05:10:54,153  INFO     Epoch   29/200 | T total=0.1477  cloud.adv=0.0000  cloud.kl=0.0000  cloud.l1=0.0000  cloud.l1.known=0.0148  cloud.l1.missing=0.0000  feature.matching=0.0000  gan.total=0.0000  perceptual=0.0000  perceptual.total=0.0000  pixel.total=0.1477  recon.total=0.1477 |      | train_time=0:13:54  sec/batch=1.915  elapsed=6:40:49  eta=1 day, 15:23:31
2026-07-07 05:11:15,525  INFO     Epoch   29/200 | V total=0.1671  cloud.adv=0.0000  cloud.kl=0.0000  cloud.l1=0.0000  cloud.l1.known=0.0167  cloud.l1.missing=0.0000  feature.matching=0.0000  gan.total=0.0000  perceptual=0.0000  perceptual.total=0.0000  pixel.total=0.1671  recon.total=0.1671 | val_time=0:00:21
2026-07-07 05:25:38,303  INFO     Epoch   30/200 | T total=0.1471  cloud.adv=0.0000  cloud.kl=0.0000  cloud.l1=0.0000  cloud.l1.known=0.0147  cloud.l1.missing=0.0000  feature.matching=0.0000  gan.total=0.0000  perceptual=0.0000  perceptual.total=0.0000  pixel.total=0.1471  recon.total=0.1471 |      | train_time=0:14:22  sec/batch=1.978  elapsed=6:55:34  eta=1 day, 15:14:52
2026-07-07 05:26:03,730  INFO     Epoch   30/200 | V total=0.1661  cloud.adv=0.0000  cloud.kl=0.0000  cloud.l1=0.0000  cloud.l1.known=0.0166  cloud.l1.missing=0.0000  feature.matching=0.0000  gan.total=0.0000  perceptual=0.0000  perceptual.total=0.0000  pixel.total=0.1661  recon.total=0.1661 | val_time=0:00:25
2026-07-07 05:39:46,513  INFO     Epoch   31/200 | T total=0.1469  cloud.adv=0.0000  cloud.kl=0.0000  cloud.l1=0.0000  cloud.l1.known=0.0147  cloud.l1.missing=0.0000  feature.matching=0.0000  gan.total=0.0000  perceptual=0.0000  perceptual.total=0.0000  pixel.total=0.1469  recon.total=0.1469 |      | train_time=0:13:42  sec/batch=1.886  elapsed=7:09:42  eta=1 day, 15:02:34
2026-07-07 05:40:11,975  INFO     Epoch   31/200 | V total=0.1583  cloud.adv=0.0000  cloud.kl=0.0000  cloud.l1=0.0000  cloud.l1.known=0.0158  cloud.l1.missing=0.0000  feature.matching=0.0000  gan.total=0.0000  perceptual=0.0000  perceptual.total=0.0000  pixel.total=0.1583  recon.total=0.1583 | val_time=0:00:25
2026-07-07 05:53:38,884  INFO     Epoch   32/200 | T total=0.1518  cloud.adv=0.0000  cloud.kl=0.0000  cloud.l1=0.0000  cloud.l1.known=0.0152  cloud.l1.missing=0.0000  feature.matching=0.0000  gan.total=0.0000  perceptual=0.0000  perceptual.total=0.0000  pixel.total=0.1518  recon.total=0.1518 |      | train_time=0:13:26  sec/batch=1.849  elapsed=7:23:34  eta=1 day, 14:48:46
2026-07-07 05:54:05,264  INFO     Epoch   32/200 | V total=0.1698  cloud.adv=0.0000  cloud.kl=0.0000  cloud.l1=0.0000  cloud.l1.known=0.0170  cloud.l1.missing=0.0000  feature.matching=0.0000  gan.total=0.0000  perceptual=0.0000  perceptual.total=0.0000  pixel.total=0.1698  recon.total=0.1698 | val_time=0:00:26
2026-07-07 06:08:10,296  INFO     Epoch   33/200 | T total=0.1499  cloud.adv=0.0000  cloud.kl=0.0000  cloud.l1=0.0000  cloud.l1.known=0.0150  cloud.l1.missing=0.0000  feature.matching=0.0000  gan.total=0.0000  perceptual=0.0000  perceptual.total=0.0000  pixel.total=0.1499  recon.total=0.1499 |      | train_time=0:14:04  sec/batch=1.937  elapsed=7:38:06  eta=1 day, 14:38:15
2026-07-07 06:08:40,574  INFO     Epoch   33/200 | V total=0.1605  cloud.adv=0.0000  cloud.kl=0.0000  cloud.l1=0.0000  cloud.l1.known=0.0161  cloud.l1.missing=0.0000  feature.matching=0.0000  gan.total=0.0000  perceptual=0.0000  perceptual.total=0.0000  pixel.total=0.1605  recon.total=0.1605 | val_time=0:00:30
2026-07-07 06:22:15,637  INFO     Epoch   34/200 | T total=0.1457  cloud.adv=0.0000  cloud.kl=0.0000  cloud.l1=0.0000  cloud.l1.known=0.0146  cloud.l1.missing=0.0000  feature.matching=0.0000  gan.total=0.0000  perceptual=0.0000  perceptual.total=0.0000  pixel.total=0.1457  recon.total=0.1457 |      | train_time=0:13:34  sec/batch=1.868  elapsed=7:52:11  eta=1 day, 14:25:23
2026-07-07 06:22:40,791  INFO     Epoch   34/200 | V total=0.1570  cloud.adv=0.0000  cloud.kl=0.0000  cloud.l1=0.0000  cloud.l1.known=0.0157  cloud.l1.missing=0.0000  feature.matching=0.0000  gan.total=0.0000  perceptual=0.0000  perceptual.total=0.0000  pixel.total=0.1570  recon.total=0.1570 | val_time=0:00:25
2026-07-07 06:22:41,779  INFO     Epoch   34/200 | *** New best: recon_total=0.157008 ***
2026-07-07 06:34:57,343  INFO     Epoch   35/200 | T total=0.1514  cloud.adv=0.0000  cloud.kl=0.0000  cloud.l1=0.0000  cloud.l1.known=0.0151  cloud.l1.missing=0.0000  feature.matching=0.0000  gan.total=0.0000  perceptual=0.0000  perceptual.total=0.0000  pixel.total=0.1514  recon.total=0.1514 |      | train_time=0:12:15  sec/batch=1.687  elapsed=8:04:53  eta=1 day, 14:05:53
2026-07-07 06:35:15,193  INFO     Epoch   35/200 | V total=0.1567  cloud.adv=0.0000  cloud.kl=0.0000  cloud.l1=0.0000  cloud.l1.known=0.0157  cloud.l1.missing=0.0000  feature.matching=0.0000  gan.total=0.0000  perceptual=0.0000  perceptual.total=0.0000  pixel.total=0.1567  recon.total=0.1567 | val_time=0:00:17
2026-07-07 06:35:15,949  INFO     Epoch   35/200 | *** New best: recon_total=0.156692 ***
2026-07-07 06:41:57,244  INFO     Epoch   36/200 | T total=0.1465  cloud.adv=0.0000  cloud.kl=0.0000  cloud.l1=0.0000  cloud.l1.known=0.0147  cloud.l1.missing=0.0000  feature.matching=0.0000  gan.total=0.0000  perceptual=0.0000  perceptual.total=0.0000  pixel.total=0.1465  recon.total=0.1465 |      | train_time=0:06:41  sec/batch=0.920  elapsed=8:11:52  eta=1 day, 13:20:47
2026-07-07 06:42:17,480  INFO     Epoch   36/200 | V total=0.1551  cloud.adv=0.0000  cloud.kl=0.0000  cloud.l1=0.0000  cloud.l1.known=0.0155  cloud.l1.missing=0.0000  feature.matching=0.0000  gan.total=0.0000  perceptual=0.0000  perceptual.total=0.0000  pixel.total=0.1551  recon.total=0.1551 | val_time=0:00:20
2026-07-07 06:42:18,807  INFO     Epoch   36/200 | *** New best: recon_total=0.155109 ***
2026-07-07 06:49:07,965  INFO     Epoch   37/200 | T total=0.1454  cloud.adv=0.0000  cloud.kl=0.0000  cloud.l1=0.0000  cloud.l1.known=0.0145  cloud.l1.missing=0.0000  feature.matching=0.0000  gan.total=0.0000  perceptual=0.0000  perceptual.total=0.0000  pixel.total=0.1454  recon.total=0.1454 |      | train_time=0:06:49  sec/batch=0.938  elapsed=8:19:03  eta=1 day, 12:38:34
2026-07-07 06:49:26,944  INFO     Epoch   37/200 | V total=0.1652  cloud.adv=0.0000  cloud.kl=0.0000  cloud.l1=0.0000  cloud.l1.known=0.0165  cloud.l1.missing=0.0000  feature.matching=0.0000  gan.total=0.0000  perceptual=0.0000  perceptual.total=0.0000  pixel.total=0.1652  recon.total=0.1652 | val_time=0:00:18
2026-07-07 06:56:17,319  INFO     Epoch   38/200 | T total=0.1444  cloud.adv=0.0000  cloud.kl=0.0000  cloud.l1=0.0000  cloud.l1.known=0.0144  cloud.l1.missing=0.0000  feature.matching=0.0000  gan.total=0.0000  perceptual=0.0000  perceptual.total=0.0000  pixel.total=0.1444  recon.total=0.1444 |      | train_time=0:06:49  sec/batch=0.940  elapsed=8:26:13  eta=1 day, 11:58:05
2026-07-07 06:56:36,421  INFO     Epoch   38/200 | V total=0.1690  cloud.adv=0.0000  cloud.kl=0.0000  cloud.l1=0.0000  cloud.l1.known=0.0169  cloud.l1.missing=0.0000  feature.matching=0.0000  gan.total=0.0000  perceptual=0.0000  perceptual.total=0.0000  pixel.total=0.1690  recon.total=0.1690 | val_time=0:00:19
2026-07-07 07:03:25,769  INFO     Epoch   39/200 | T total=0.1456  cloud.adv=0.0000  cloud.kl=0.0000  cloud.l1=0.0000  cloud.l1.known=0.0146  cloud.l1.missing=0.0000  feature.matching=0.0000  gan.total=0.0000  perceptual=0.0000  perceptual.total=0.0000  pixel.total=0.1456  recon.total=0.1456 |      | train_time=0:06:48  sec/batch=0.938  elapsed=8:33:21  eta=1 day, 11:19:14
2026-07-07 07:03:44,061  INFO     Epoch   39/200 | V total=0.1603  cloud.adv=0.0000  cloud.kl=0.0000  cloud.l1=0.0000  cloud.l1.known=0.0160  cloud.l1.missing=0.0000  feature.matching=0.0000  gan.total=0.0000  perceptual=0.0000  perceptual.total=0.0000  pixel.total=0.1603  recon.total=0.1603 | val_time=0:00:18
2026-07-07 07:10:34,672  INFO     Epoch   40/200 | T total=0.1457  cloud.adv=0.0000  cloud.kl=0.0000  cloud.l1=0.0000  cloud.l1.known=0.0146  cloud.l1.missing=0.0000  feature.matching=0.0000  gan.total=0.0000  perceptual=0.0000  perceptual.total=0.0000  pixel.total=0.1457  recon.total=0.1457 |      | train_time=0:06:50  sec/batch=0.941  elapsed=8:40:30  eta=1 day, 10:42:01
2026-07-07 07:10:54,090  INFO     Epoch   40/200 | V total=0.1561  cloud.adv=0.0000  cloud.kl=0.0000  cloud.l1=0.0000  cloud.l1.known=0.0156  cloud.l1.missing=0.0000  feature.matching=0.0000  gan.total=0.0000  perceptual=0.0000  perceptual.total=0.0000  pixel.total=0.1561  recon.total=0.1561 | val_time=0:00:19
2026-07-07 07:17:39,373  INFO     Epoch   41/200 | T total=0.1422  cloud.adv=0.0000  cloud.kl=0.0000  cloud.l1=0.0000  cloud.l1.known=0.0142  cloud.l1.missing=0.0000  feature.matching=0.0000  gan.total=0.0000  perceptual=0.0000  perceptual.total=0.0000  pixel.total=0.1422  recon.total=0.1422 |      | train_time=0:06:44  sec/batch=0.928  elapsed=8:47:35  eta=1 day, 10:06:00
2026-07-07 07:17:58,172  INFO     Epoch   41/200 | V total=0.1542  cloud.adv=0.0000  cloud.kl=0.0000  cloud.l1=0.0000  cloud.l1.known=0.0154  cloud.l1.missing=0.0000  feature.matching=0.0000  gan.total=0.0000  perceptual=0.0000  perceptual.total=0.0000  pixel.total=0.1542  recon.total=0.1542 | val_time=0:00:18
2026-07-07 07:17:59,030  INFO     Epoch   41/200 | *** New best: recon_total=0.154198 ***
2026-07-07 07:24:49,561  INFO     Epoch   42/200 | T total=0.1442  cloud.adv=0.0000  cloud.kl=0.0000  cloud.l1=0.0000  cloud.l1.known=0.0144  cloud.l1.missing=0.0000  feature.matching=0.0000  gan.total=0.0000  perceptual=0.0000  perceptual.total=0.0000  pixel.total=0.1442  recon.total=0.1442 |      | train_time=0:06:50  sec/batch=0.942  elapsed=8:54:45  eta=1 day, 9:31:41
2026-07-07 07:25:10,214  INFO     Epoch   42/200 | V total=0.1539  cloud.adv=0.0000  cloud.kl=0.0000  cloud.l1=0.0000  cloud.l1.known=0.0154  cloud.l1.missing=0.0000  feature.matching=0.0000  gan.total=0.0000  perceptual=0.0000  perceptual.total=0.0000  pixel.total=0.1539  recon.total=0.1539 | val_time=0:00:20
2026-07-07 07:25:11,446  INFO     Epoch   42/200 | *** New best: recon_total=0.153854 ***
2026-07-07 07:31:56,890  INFO     Epoch   43/200 | T total=0.1410  cloud.adv=0.0000  cloud.kl=0.0000  cloud.l1=0.0000  cloud.l1.known=0.0141  cloud.l1.missing=0.0000  feature.matching=0.0000  gan.total=0.0000  perceptual=0.0000  perceptual.total=0.0000  pixel.total=0.1410  recon.total=0.1410 |      | train_time=0:06:45  sec/batch=0.930  elapsed=9:01:52  eta=1 day, 8:58:28
2026-07-07 07:32:16,768  INFO     Epoch   43/200 | V total=0.1532  cloud.adv=0.0000  cloud.kl=0.0000  cloud.l1=0.0000  cloud.l1.known=0.0153  cloud.l1.missing=0.0000  feature.matching=0.0000  gan.total=0.0000  perceptual=0.0000  perceptual.total=0.0000  pixel.total=0.1532  recon.total=0.1532 | val_time=0:00:19
2026-07-07 07:32:17,921  INFO     Epoch   43/200 | *** New best: recon_total=0.153168 ***
2026-07-07 07:38:56,340  INFO     Epoch   44/200 | T total=0.1437  cloud.adv=0.0000  cloud.kl=0.0000  cloud.l1=0.0000  cloud.l1.known=0.0144  cloud.l1.missing=0.0000  feature.matching=0.0000  gan.total=0.0000  perceptual=0.0000  perceptual.total=0.0000  pixel.total=0.1437  recon.total=0.1437 |      | train_time=0:06:38  sec/batch=0.914  elapsed=9:08:52  eta=1 day, 8:25:59
2026-07-07 07:39:15,032  INFO     Epoch   44/200 | V total=0.1555  cloud.adv=0.0000  cloud.kl=0.0000  cloud.l1=0.0000  cloud.l1.known=0.0155  cloud.l1.missing=0.0000  feature.matching=0.0000  gan.total=0.0000  perceptual=0.0000  perceptual.total=0.0000  pixel.total=0.1555  recon.total=0.1555 | val_time=0:00:18
2026-07-07 07:45:51,051  INFO     Epoch   45/200 | T total=0.1443  cloud.adv=0.0000  cloud.kl=0.0000  cloud.l1=0.0000  cloud.l1.known=0.0144  cloud.l1.missing=0.0000  feature.matching=0.0000  gan.total=0.0000  perceptual=0.0000  perceptual.total=0.0000  pixel.total=0.1443  recon.total=0.1443 |      | train_time=0:06:35  sec/batch=0.907  elapsed=9:15:46  eta=1 day, 7:54:21
2026-07-07 07:46:09,896  INFO     Epoch   45/200 | V total=0.1558  cloud.adv=0.0000  cloud.kl=0.0000  cloud.l1=0.0000  cloud.l1.known=0.0156  cloud.l1.missing=0.0000  feature.matching=0.0000  gan.total=0.0000  perceptual=0.0000  perceptual.total=0.0000  pixel.total=0.1558  recon.total=0.1558 | val_time=0:00:18
2026-07-07 07:52:51,291  INFO     Epoch   46/200 | T total=0.1398  cloud.adv=0.0000  cloud.kl=0.0000  cloud.l1=0.0000  cloud.l1.known=0.0140  cloud.l1.missing=0.0000  feature.matching=0.0000  gan.total=0.0000  perceptual=0.0000  perceptual.total=0.0000  pixel.total=0.1398  recon.total=0.1398 |      | train_time=0:06:40  sec/batch=0.919  elapsed=9:22:47  eta=1 day, 7:24:06
2026-07-07 07:53:11,858  INFO     Epoch   46/200 | V total=0.1530  cloud.adv=0.0000  cloud.kl=0.0000  cloud.l1=0.0000  cloud.l1.known=0.0153  cloud.l1.missing=0.0000  feature.matching=0.0000  gan.total=0.0000  perceptual=0.0000  perceptual.total=0.0000  pixel.total=0.1530  recon.total=0.1530 | val_time=0:00:20
2026-07-07 07:53:13,067  INFO     Epoch   46/200 | *** New best: recon_total=0.152983 ***
2026-07-07 07:59:59,830  INFO     Epoch   47/200 | T total=0.1401  cloud.adv=0.0000  cloud.kl=0.0000  cloud.l1=0.0000  cloud.l1.known=0.0140  cloud.l1.missing=0.0000  feature.matching=0.0000  gan.total=0.0000  perceptual=0.0000  perceptual.total=0.0000  pixel.total=0.1401  recon.total=0.1401 |      | train_time=0:06:46  sec/batch=0.933  elapsed=9:29:55  eta=1 day, 6:55:17
2026-07-07 08:00:19,586  INFO     Epoch   47/200 | V total=0.1681  cloud.adv=0.0000  cloud.kl=0.0000  cloud.l1=0.0000  cloud.l1.known=0.0168  cloud.l1.missing=0.0000  feature.matching=0.0000  gan.total=0.0000  perceptual=0.0000  perceptual.total=0.0000  pixel.total=0.1681  recon.total=0.1681 | val_time=0:00:19
2026-07-07 08:07:11,523  INFO     Epoch   48/200 | T total=0.1404  cloud.adv=0.0000  cloud.kl=0.0000  cloud.l1=0.0000  cloud.l1.known=0.0140  cloud.l1.missing=0.0000  feature.matching=0.0000  gan.total=0.0000  perceptual=0.0000  perceptual.total=0.0000  pixel.total=0.1404  recon.total=0.1404 |      | train_time=0:06:51  sec/batch=0.943  elapsed=9:37:07  eta=1 day, 6:27:32
2026-07-07 08:07:32,091  INFO     Epoch   48/200 | V total=0.1542  cloud.adv=0.0000  cloud.kl=0.0000  cloud.l1=0.0000  cloud.l1.known=0.0154  cloud.l1.missing=0.0000  feature.matching=0.0000  gan.total=0.0000  perceptual=0.0000  perceptual.total=0.0000  pixel.total=0.1542  recon.total=0.1542 | val_time=0:00:20
2026-07-07 08:14:15,183  INFO     Epoch   49/200 | T total=0.1405  cloud.adv=0.0000  cloud.kl=0.0000  cloud.l1=0.0000  cloud.l1.known=0.0141  cloud.l1.missing=0.0000  feature.matching=0.0000  gan.total=0.0000  perceptual=0.0000  perceptual.total=0.0000  pixel.total=0.1405  recon.total=0.1405 |      | train_time=0:06:42  sec/batch=0.923  elapsed=9:44:10  eta=1 day, 6:00:14
2026-07-07 08:14:35,573  INFO     Epoch   49/200 | V total=0.1668  cloud.adv=0.0000  cloud.kl=0.0000  cloud.l1=0.0000  cloud.l1.known=0.0167  cloud.l1.missing=0.0000  feature.matching=0.0000  gan.total=0.0000  perceptual=0.0000  perceptual.total=0.0000  pixel.total=0.1668  recon.total=0.1668 | val_time=0:00:20
2026-07-07 08:21:40,001  INFO     Epoch   50/200 | T total=28.0938  cloud.adv=0.4380  cloud.kl=0.0000  cloud.l1=0.0000  cloud.l1.known=0.0179  cloud.l1.missing=0.0000  disc.fake.logit=0.7279  disc.fake.loss=0.7790  disc.real.gp=0.0413  disc.real.logit=0.8010  disc.real.loss=0.4111  disc.total=1.2314  feature.matching=0.2353  gan.total=27.9149  perceptual=0.0000  perceptual.total=0.0000  pixel.total=0.1789  recon.total=0.1789 |      | train_time=0:07:03  sec/batch=0.972  elapsed=9:51:35  eta=1 day, 5:34:47
2026-07-07 08:21:58,533  INFO     Epoch   50/200 | V total=0.1964  cloud.adv=0.0000  cloud.kl=0.0000  cloud.l1=0.0000  cloud.l1.known=0.0196  cloud.l1.missing=0.0000  feature.matching=0.0000  gan.total=0.0000  perceptual=0.0000  perceptual.total=0.0000  pixel.total=0.1964  recon.total=0.1964 | val_time=0:00:18
2026-07-07 08:28:53,068  INFO     Epoch   51/200 | T total=24.8795  cloud.adv=0.4217  cloud.kl=0.0000  cloud.l1=0.0000  cloud.l1.known=0.0183  cloud.l1.missing=0.0000  disc.fake.logit=0.7480  disc.fake.loss=0.7974  disc.real.gp=0.0176  disc.real.logit=0.8131  disc.real.loss=0.3987  disc.total=1.2137  feature.matching=0.2048  gan.total=24.6964  perceptual=0.0000  perceptual.total=0.0000  pixel.total=0.1831  recon.total=0.1831 |      | train_time=0:06:53  sec/batch=0.950  elapsed=9:58:48  eta=1 day, 5:09:28
2026-07-07 08:29:12,617  INFO     Epoch   51/200 | V total=0.1740  cloud.adv=0.0000  cloud.kl=0.0000  cloud.l1=0.0000  cloud.l1.known=0.0174  cloud.l1.missing=0.0000  feature.matching=0.0000  gan.total=0.0000  perceptual=0.0000  perceptual.total=0.0000  pixel.total=0.1740  recon.total=0.1740 | val_time=0:00:19
2026-07-07 08:36:12,489  INFO     Epoch   52/200 | T total=24.0139  cloud.adv=0.4184  cloud.kl=0.0000  cloud.l1=0.0000  cloud.l1.known=0.0184  cloud.l1.missing=0.0000  disc.fake.logit=0.7506  disc.fake.loss=0.8038  disc.real.gp=0.0156  disc.real.logit=0.8120  disc.real.loss=0.3971  disc.total=1.2166  feature.matching=0.1965  gan.total=23.8297  perceptual=0.0000  perceptual.total=0.0000  pixel.total=0.1841  recon.total=0.1841 |      | train_time=0:06:58  sec/batch=0.961  elapsed=10:06:08  eta=1 day, 4:45:09
2026-07-07 08:36:30,696  INFO     Epoch   52/200 | V total=0.1714  cloud.adv=0.0000  cloud.kl=0.0000  cloud.l1=0.0000  cloud.l1.known=0.0171  cloud.l1.missing=0.0000  feature.matching=0.0000  gan.total=0.0000  perceptual=0.0000  perceptual.total=0.0000  pixel.total=0.1714  recon.total=0.1714 | val_time=0:00:18
2026-07-07 08:43:24,689  INFO     Epoch   53/200 | T total=21.5816  cloud.adv=0.4169  cloud.kl=0.0000  cloud.l1=0.0000  cloud.l1.known=0.0179  cloud.l1.missing=0.0000  disc.fake.logit=0.7463  disc.fake.loss=0.8095  disc.real.gp=0.0154  disc.real.logit=0.8169  disc.real.loss=0.3932  disc.total=1.2181  feature.matching=0.1723  gan.total=21.4027  perceptual=0.0000  perceptual.total=0.0000  pixel.total=0.1789  recon.total=0.1789 |      | train_time=0:06:53  sec/batch=0.948  elapsed=10:13:20  eta=1 day, 4:21:09
2026-07-07 08:43:43,226  INFO     Epoch   53/200 | V total=0.1698  cloud.adv=0.0000  cloud.kl=0.0000  cloud.l1=0.0000  cloud.l1.known=0.0170  cloud.l1.missing=0.0000  feature.matching=0.0000  gan.total=0.0000  perceptual=0.0000  perceptual.total=0.0000  pixel.total=0.1698  recon.total=0.1698 | val_time=0:00:18
2026-07-07 08:50:28,797  INFO     Epoch   54/200 | T total=20.7947  cloud.adv=0.4138  cloud.kl=0.0000  cloud.l1=0.0000  cloud.l1.known=0.0172  cloud.l1.missing=0.0000  disc.fake.logit=0.7562  disc.fake.loss=0.8098  disc.real.gp=0.0162  disc.real.logit=0.8239  disc.real.loss=0.3901  disc.total=1.2161  feature.matching=0.1648  gan.total=20.6227  perceptual=0.0000  perceptual.total=0.0000  pixel.total=0.1719  recon.total=0.1719 |      | train_time=0:06:44  sec/batch=0.929  elapsed=10:20:24  eta=1 day, 3:57:24
2026-07-07 08:50:46,942  INFO     Epoch   54/200 | V total=0.1848  cloud.adv=0.0000  cloud.kl=0.0000  cloud.l1=0.0000  cloud.l1.known=0.0185  cloud.l1.missing=0.0000  feature.matching=0.0000  gan.total=0.0000  perceptual=0.0000  perceptual.total=0.0000  pixel.total=0.1848  recon.total=0.1848 | val_time=0:00:18
2026-07-07 08:57:46,508  INFO     Epoch   55/200 | T total=19.3898  cloud.adv=0.4148  cloud.kl=0.0000  cloud.l1=0.0000  cloud.l1.known=0.0172  cloud.l1.missing=0.0000  disc.fake.logit=0.7509  disc.fake.loss=0.8080  disc.real.gp=0.0144  disc.real.logit=0.8175  disc.real.loss=0.3904  disc.total=1.2128  feature.matching=0.1507  gan.total=19.2178  perceptual=0.0000  perceptual.total=0.0000  pixel.total=0.1720  recon.total=0.1720 |      | train_time=0:06:59  sec/batch=0.961  elapsed=10:27:42  eta=1 day, 3:34:51
2026-07-07 08:58:06,579  INFO     Epoch   55/200 | V total=0.1868  cloud.adv=0.0000  cloud.kl=0.0000  cloud.l1=0.0000  cloud.l1.known=0.0187  cloud.l1.missing=0.0000  feature.matching=0.0000  gan.total=0.0000  perceptual=0.0000  perceptual.total=0.0000  pixel.total=0.1868  recon.total=0.1868 | val_time=0:00:20
2026-07-07 09:04:57,363  INFO     Epoch   56/200 | T total=19.0790  cloud.adv=0.4159  cloud.kl=0.0000  cloud.l1=0.0000  cloud.l1.known=0.0166  cloud.l1.missing=0.0000  disc.fake.logit=0.7489  disc.fake.loss=0.8110  disc.real.gp=0.0144  disc.real.logit=0.8272  disc.real.loss=0.3888  disc.total=1.2143  feature.matching=0.1475  gan.total=18.9131  perceptual=0.0000  perceptual.total=0.0000  pixel.total=0.1659  recon.total=0.1659 |      | train_time=0:06:49  sec/batch=0.940  elapsed=10:34:53  eta=1 day, 3:12:33
2026-07-07 09:05:14,404  INFO     Epoch   56/200 | V total=0.1889  cloud.adv=0.0000  cloud.kl=0.0000  cloud.l1=0.0000  cloud.l1.known=0.0189  cloud.l1.missing=0.0000  feature.matching=0.0000  gan.total=0.0000  perceptual=0.0000  perceptual.total=0.0000  pixel.total=0.1889  recon.total=0.1889 | val_time=0:00:17
2026-07-07 09:10:34,582  INFO     Epoch   57/200 | T total=18.7363  cloud.adv=0.4119  cloud.kl=0.0000  cloud.l1=0.0000  cloud.l1.known=0.0167  cloud.l1.missing=0.0000  disc.fake.logit=0.7543  disc.fake.loss=0.8146  disc.real.gp=0.0121  disc.real.logit=0.8283  disc.real.loss=0.3854  disc.total=1.2121  feature.matching=0.1445  gan.total=18.5694  perceptual=0.0000  perceptual.total=0.0000  pixel.total=0.1669  recon.total=0.1669 |      | train_time=0:05:19  sec/batch=0.732  elapsed=10:40:30  eta=1 day, 2:46:52
2026-07-07 09:10:51,793  INFO     Epoch   57/200 | V total=0.1949  cloud.adv=0.0000  cloud.kl=0.0000  cloud.l1=0.0000  cloud.l1.known=0.0195  cloud.l1.missing=0.0000  feature.matching=0.0000  gan.total=0.0000  perceptual=0.0000  perceptual.total=0.0000  pixel.total=0.1949  recon.total=0.1949 | val_time=0:00:17
2026-07-07 09:16:10,355  INFO     Epoch   58/200 | T total=18.2398  cloud.adv=0.4136  cloud.kl=0.0000  cloud.l1=0.0000  cloud.l1.known=0.0165  cloud.l1.missing=0.0000  disc.fake.logit=0.7525  disc.fake.loss=0.8143  disc.real.gp=0.0135  disc.real.logit=0.8339  disc.real.loss=0.3852  disc.total=1.2129  feature.matching=0.1394  gan.total=18.0746  perceptual=0.0000  perceptual.total=0.0000  pixel.total=0.1652  recon.total=0.1652 |      | train_time=0:05:18  sec/batch=0.729  elapsed=10:46:06  eta=1 day, 2:21:50
2026-07-07 09:16:27,319  INFO     Epoch   58/200 | V total=0.1651  cloud.adv=0.0000  cloud.kl=0.0000  cloud.l1=0.0000  cloud.l1.known=0.0165  cloud.l1.missing=0.0000  feature.matching=0.0000  gan.total=0.0000  perceptual=0.0000  perceptual.total=0.0000  pixel.total=0.1651  recon.total=0.1651 | val_time=0:00:16
2026-07-07 09:23:22,490  INFO     Epoch   59/200 | T total=17.0346  cloud.adv=0.4119  cloud.kl=0.0000  cloud.l1=0.0000  cloud.l1.known=0.0165  cloud.l1.missing=0.0000  disc.fake.logit=0.7558  disc.fake.loss=0.8138  disc.real.gp=0.0125  disc.real.logit=0.8419  disc.real.loss=0.3831  disc.total=1.2095  feature.matching=0.1275  gan.total=16.8699  perceptual=0.0000  perceptual.total=0.0000  pixel.total=0.1647  recon.total=0.1647 |      | train_time=0:06:54  sec/batch=0.951  elapsed=10:53:18  eta=1 day, 2:01:17
2026-07-07 09:23:44,642  INFO     Epoch   59/200 | V total=0.1635  cloud.adv=0.0000  cloud.kl=0.0000  cloud.l1=0.0000  cloud.l1.known=0.0163  cloud.l1.missing=0.0000  feature.matching=0.0000  gan.total=0.0000  perceptual=0.0000  perceptual.total=0.0000  pixel.total=0.1635  recon.total=0.1635 | val_time=0:00:22
2026-07-07 09:31:54,537  INFO     Epoch   60/200 | T total=23.5684  cloud.adv=0.4135  cloud.kl=0.0000  cloud.l1=0.0000  cloud.l1.known=0.0159  cloud.l1.missing=0.0000  disc.fake.logit=0.7600  disc.fake.loss=0.8056  disc.real.gp=0.0132  disc.real.logit=0.8551  disc.real.loss=0.3807  disc.total=1.1995  feature.matching=0.1242  gan.total=16.5551  perceptual=0.2285  perceptual.total=6.8545  pixel.total=0.1587  recon.total=7.0133 |      | train_time=0:08:09  sec/batch=1.122  elapsed=11:01:50  eta=1 day, 1:44:17
2026-07-07 09:32:15,131  INFO     Epoch   60/200 | V total=7.0854  cloud.adv=0.0000  cloud.kl=0.0000  cloud.l1=0.0000  cloud.l1.known=0.0169  cloud.l1.missing=0.0000  feature.matching=0.0000  gan.total=0.0000  perceptual=0.2305  perceptual.total=6.9164  pixel.total=0.1690  recon.total=7.0854 | val_time=0:00:20
2026-07-07 09:37:43,708  INFO     Epoch   61/200 | T total=23.3406  cloud.adv=0.4158  cloud.kl=0.0000  cloud.l1=0.0000  cloud.l1.known=0.0162  cloud.l1.missing=0.0000  disc.fake.logit=0.7533  disc.fake.loss=0.8109  disc.real.gp=0.0129  disc.real.logit=0.8549  disc.real.loss=0.3818  disc.total=1.2056  feature.matching=0.1245  gan.total=16.6039  perceptual=0.2192  perceptual.total=6.5746  pixel.total=0.1621  recon.total=6.7367 |      | train_time=0:05:27  sec/batch=0.752  elapsed=11:07:39  eta=1 day, 1:21:22
2026-07-07 09:38:02,028  INFO     Epoch   61/200 | V total=7.1167  cloud.adv=0.0000  cloud.kl=0.0000  cloud.l1=0.0000  cloud.l1.known=0.0183  cloud.l1.missing=0.0000  feature.matching=0.0000  gan.total=0.0000  perceptual=0.2311  perceptual.total=6.9339  pixel.total=0.1828  recon.total=7.1167 | val_time=0:00:18
2026-07-07 09:43:27,161  INFO     Epoch   62/200 | T total=22.9491  cloud.adv=0.4166  cloud.kl=0.0000  cloud.l1=0.0000  cloud.l1.known=0.0155  cloud.l1.missing=0.0000  disc.fake.logit=0.7569  disc.fake.loss=0.8061  disc.real.gp=0.0133  disc.real.logit=0.8482  disc.real.loss=0.3837  disc.total=1.2030  feature.matching=0.1219  gan.total=16.3581  perceptual=0.2145  perceptual.total=6.4362  pixel.total=0.1548  recon.total=6.5910 |      | train_time=0:05:24  sec/batch=0.744  elapsed=11:13:22  eta=1 day, 0:58:48
2026-07-07 09:43:44,503  INFO     Epoch   62/200 | V total=6.9778  cloud.adv=0.0000  cloud.kl=0.0000  cloud.l1=0.0000  cloud.l1.known=0.0158  cloud.l1.missing=0.0000  feature.matching=0.0000  gan.total=0.0000  perceptual=0.2273  perceptual.total=6.8196  pixel.total=0.1582  recon.total=6.9778 | val_time=0:00:17
2026-07-07 09:50:46,720  INFO     Epoch   63/200 | T total=21.6336  cloud.adv=0.4107  cloud.kl=0.0000  cloud.l1=0.0000  cloud.l1.known=0.0154  cloud.l1.missing=0.0000  disc.fake.logit=0.7700  disc.fake.loss=0.8085  disc.real.gp=0.0114  disc.real.logit=0.8497  disc.real.loss=0.3815  disc.total=1.2014  feature.matching=0.1101  gan.total=15.1180  perceptual=0.2121  perceptual.total=6.3619  pixel.total=0.1537  recon.total=6.5156 |      | train_time=0:07:01  sec/batch=0.967  elapsed=11:20:42  eta=1 day, 0:40:16
2026-07-07 09:51:10,298  INFO     Epoch   63/200 | V total=6.8748  cloud.adv=0.0000  cloud.kl=0.0000  cloud.l1=0.0000  cloud.l1.known=0.0170  cloud.l1.missing=0.0000  feature.matching=0.0000  gan.total=0.0000  perceptual=0.2235  perceptual.total=6.7050  pixel.total=0.1697  recon.total=6.8748 | val_time=0:00:23
2026-07-07 09:59:05,092  INFO     Epoch   64/200 | T total=21.8253  cloud.adv=0.4105  cloud.kl=0.0000  cloud.l1=0.0000  cloud.l1.known=0.0153  cloud.l1.missing=0.0000  disc.fake.logit=0.7709  disc.fake.loss=0.8105  disc.real.gp=0.0116  disc.real.logit=0.8555  disc.real.loss=0.3792  disc.total=1.2013  feature.matching=0.1123  gan.total=15.3334  perceptual=0.2113  perceptual.total=6.3388  pixel.total=0.1530  recon.total=6.4918 |      | train_time=0:07:54  sec/batch=1.088  elapsed=11:29:00  eta=1 day, 0:24:09
2026-07-07 09:59:22,761  INFO     Epoch   64/200 | V total=6.9151  cloud.adv=0.0000  cloud.kl=0.0000  cloud.l1=0.0000  cloud.l1.known=0.0167  cloud.l1.missing=0.0000  feature.matching=0.0000  gan.total=0.0000  perceptual=0.2250  perceptual.total=6.7485  pixel.total=0.1666  recon.total=6.9151 | val_time=0:00:17
2026-07-07 10:04:48,690  INFO     Epoch   65/200 | T total=21.4185  cloud.adv=0.4126  cloud.kl=0.0000  cloud.l1=0.0000  cloud.l1.known=0.0157  cloud.l1.missing=0.0000  disc.fake.logit=0.7729  disc.fake.loss=0.8061  disc.real.gp=0.0108  disc.real.logit=0.8461  disc.real.loss=0.3846  disc.total=1.2016  feature.matching=0.1083  gan.total=14.9577  perceptual=0.2101  perceptual.total=6.3040  pixel.total=0.1567  recon.total=6.4607 |      | train_time=0:05:25  sec/batch=0.746  elapsed=11:34:44  eta=1 day, 0:02:55
2026-07-07 10:05:06,828  INFO     Epoch   65/200 | V total=6.8141  cloud.adv=0.0000  cloud.kl=0.0000  cloud.l1=0.0000  cloud.l1.known=0.0151  cloud.l1.missing=0.0000  feature.matching=0.0000  gan.total=0.0000  perceptual=0.2221  perceptual.total=6.6628  pixel.total=0.1513  recon.total=6.8141 | val_time=0:00:18
2026-07-07 10:10:47,736  INFO     Epoch   66/200 | T total=20.8483  cloud.adv=0.4087  cloud.kl=0.0000  cloud.l1=0.0000  cloud.l1.known=0.0150  cloud.l1.missing=0.0000  disc.fake.logit=0.7790  disc.fake.loss=0.8077  disc.real.gp=0.0113  disc.real.logit=0.8606  disc.real.loss=0.3793  disc.total=1.1983  feature.matching=0.1036  gan.total=14.4425  perceptual=0.2085  perceptual.total=6.2557  pixel.total=0.1501  recon.total=6.4058 |      | train_time=0:05:40  sec/batch=0.780  elapsed=11:40:43  eta=23:42:40
2026-07-07 10:11:06,629  INFO     Epoch   66/200 | V total=6.9361  cloud.adv=0.0000  cloud.kl=0.0000  cloud.l1=0.0000  cloud.l1.known=0.0173  cloud.l1.missing=0.0000  feature.matching=0.0000  gan.total=0.0000  perceptual=0.2254  perceptual.total=6.7627  pixel.total=0.1734  recon.total=6.9361 | val_time=0:00:18
2026-07-07 10:18:07,203  INFO     Epoch   67/200 | T total=20.3171  cloud.adv=0.4115  cloud.kl=0.0000  cloud.l1=0.0000  cloud.l1.known=0.0151  cloud.l1.missing=0.0000  disc.fake.logit=0.7677  disc.fake.loss=0.8062  disc.real.gp=0.0109  disc.real.logit=0.8425  disc.real.loss=0.3837  disc.total=1.2008  feature.matching=0.0982  gan.total=13.9336  perceptual=0.2077  perceptual.total=6.2320  pixel.total=0.1515  recon.total=6.3835 |      | train_time=0:06:59  sec/batch=0.963  elapsed=11:48:02  eta=23:25:31
2026-07-07 10:18:26,929  INFO     Epoch   67/200 | V total=6.8155  cloud.adv=0.0000  cloud.kl=0.0000  cloud.l1=0.0000  cloud.l1.known=0.0155  cloud.l1.missing=0.0000  feature.matching=0.0000  gan.total=0.0000  perceptual=0.2220  perceptual.total=6.6602  pixel.total=0.1553  recon.total=6.8155 | val_time=0:00:19
2026-07-07 10:25:27,415  INFO     Epoch   68/200 | T total=20.3662  cloud.adv=0.4133  cloud.kl=0.0000  cloud.l1=0.0000  cloud.l1.known=0.0152  cloud.l1.missing=0.0000  disc.fake.logit=0.7690  disc.fake.loss=0.8024  disc.real.gp=0.0107  disc.real.logit=0.8608  disc.real.loss=0.3818  disc.total=1.1949  feature.matching=0.0986  gan.total=13.9920  perceptual=0.2074  perceptual.total=6.2224  pixel.total=0.1518  recon.total=6.3742 |      | train_time=0:06:59  sec/batch=0.963  elapsed=11:55:23  eta=23:08:41
2026-07-07 10:25:47,169  INFO     Epoch   68/200 | V total=6.7055  cloud.adv=0.0000  cloud.kl=0.0000  cloud.l1=0.0000  cloud.l1.known=0.0154  cloud.l1.missing=0.0000  feature.matching=0.0000  gan.total=0.0000  perceptual=0.2184  perceptual.total=6.5512  pixel.total=0.1543  recon.total=6.7055 | val_time=0:00:19
2026-07-07 10:32:47,923  INFO     Epoch   69/200 | T total=20.4297  cloud.adv=0.4116  cloud.kl=0.0000  cloud.l1=0.0000  cloud.l1.known=0.0151  cloud.l1.missing=0.0000  disc.fake.logit=0.7724  disc.fake.loss=0.8066  disc.real.gp=0.0103  disc.real.logit=0.8574  disc.real.loss=0.3823  disc.total=1.1992  feature.matching=0.0996  gan.total=14.0811  perceptual=0.2066  perceptual.total=6.1975  pixel.total=0.1511  recon.total=6.3486 |      | train_time=0:06:59  sec/batch=0.963  elapsed=12:02:43  eta=22:52:08
2026-07-07 10:33:07,340  INFO     Epoch   69/200 | V total=6.8947  cloud.adv=0.0000  cloud.kl=0.0000  cloud.l1=0.0000  cloud.l1.known=0.0167  cloud.l1.missing=0.0000  feature.matching=0.0000  gan.total=0.0000  perceptual=0.2242  perceptual.total=6.7274  pixel.total=0.1672  recon.total=6.8947 | val_time=0:00:19
2026-07-07 10:40:07,009  INFO     Epoch   70/200 | T total=20.1085  cloud.adv=0.4097  cloud.kl=0.0000  cloud.l1=0.0000  cloud.l1.known=0.0148  cloud.l1.missing=0.0000  disc.fake.logit=0.7737  disc.fake.loss=0.8114  disc.real.gp=0.0099  disc.real.logit=0.8518  disc.real.loss=0.3813  disc.total=1.2026  feature.matching=0.0969  gan.total=13.7863  perceptual=0.2058  perceptual.total=6.1745  pixel.total=0.1476  recon.total=6.3222 |      | train_time=0:06:58  sec/batch=0.961  elapsed=12:10:02  eta=22:35:47
2026-07-07 10:40:26,666  INFO     Epoch   70/200 | V total=6.6623  cloud.adv=0.0000  cloud.kl=0.0000  cloud.l1=0.0000  cloud.l1.known=0.0160  cloud.l1.missing=0.0000  feature.matching=0.0000  gan.total=0.0000  perceptual=0.2168  perceptual.total=6.5028  pixel.total=0.1595  recon.total=6.6623 | val_time=0:00:19
2026-07-07 10:47:26,906  INFO     Epoch   71/200 | T total=20.3056  cloud.adv=0.4138  cloud.kl=0.0000  cloud.l1=0.0000  cloud.l1.known=0.0147  cloud.l1.missing=0.0000  disc.fake.logit=0.7700  disc.fake.loss=0.8028  disc.real.gp=0.0119  disc.real.logit=0.8730  disc.real.loss=0.3795  disc.total=1.1942  feature.matching=0.0986  gan.total=13.9941  perceptual=0.2055  perceptual.total=6.1649  pixel.total=0.1466  recon.total=6.3115 |      | train_time=0:06:59  sec/batch=0.962  elapsed=12:17:22  eta=22:19:44
2026-07-07 10:47:45,980  INFO     Epoch   71/200 | V total=6.6969  cloud.adv=0.0000  cloud.kl=0.0000  cloud.l1=0.0000  cloud.l1.known=0.0164  cloud.l1.missing=0.0000  feature.matching=0.0000  gan.total=0.0000  perceptual=0.2177  perceptual.total=6.5324  pixel.total=0.1645  recon.total=6.6969 | val_time=0:00:19
2026-07-07 10:54:41,375  INFO     Epoch   72/200 | T total=19.6584  cloud.adv=0.4124  cloud.kl=0.0000  cloud.l1=0.0000  cloud.l1.known=0.0147  cloud.l1.missing=0.0000  disc.fake.logit=0.7646  disc.fake.loss=0.8083  disc.real.gp=0.0095  disc.real.logit=0.8455  disc.real.loss=0.3832  disc.total=1.2011  feature.matching=0.0923  gan.total=13.3517  perceptual=0.2053  perceptual.total=6.1596  pixel.total=0.1471  recon.total=6.3067 |      | train_time=0:06:54  sec/batch=0.951  elapsed=12:24:37  eta=22:03:45
2026-07-07 10:55:00,087  INFO     Epoch   72/200 | V total=6.6203  cloud.adv=0.0000  cloud.kl=0.0000  cloud.l1=0.0000  cloud.l1.known=0.0160  cloud.l1.missing=0.0000  feature.matching=0.0000  gan.total=0.0000  perceptual=0.2153  perceptual.total=6.4604  pixel.total=0.1599  recon.total=6.6203 | val_time=0:00:18
2026-07-07 11:01:55,397  INFO     Epoch   73/200 | T total=19.3524  cloud.adv=0.4106  cloud.kl=0.0000  cloud.l1=0.0000  cloud.l1.known=0.0145  cloud.l1.missing=0.0000  disc.fake.logit=0.7737  disc.fake.loss=0.8090  disc.real.gp=0.0096  disc.real.logit=0.8517  disc.real.loss=0.3820  disc.total=1.2006  feature.matching=0.0899  gan.total=13.0991  perceptual=0.2036  perceptual.total=6.1081  pixel.total=0.1451  recon.total=6.2533 |      | train_time=0:06:54  sec/batch=0.951  elapsed=12:31:51  eta=21:48:00
2026-07-07 11:02:14,443  INFO     Epoch   73/200 | V total=6.7213  cloud.adv=0.0000  cloud.kl=0.0000  cloud.l1=0.0000  cloud.l1.known=0.0167  cloud.l1.missing=0.0000  feature.matching=0.0000  gan.total=0.0000  perceptual=0.2185  perceptual.total=6.5541  pixel.total=0.1673  recon.total=6.7213 | val_time=0:00:19
2026-07-07 11:09:11,904  INFO     Epoch   74/200 | T total=19.1596  cloud.adv=0.4109  cloud.kl=0.0000  cloud.l1=0.0000  cloud.l1.known=0.0147  cloud.l1.missing=0.0000  disc.fake.logit=0.7728  disc.fake.loss=0.8100  disc.real.gp=0.0097  disc.real.logit=0.8492  disc.real.loss=0.3824  disc.total=1.2021  feature.matching=0.0879  gan.total=12.8997  perceptual=0.2038  perceptual.total=6.1130  pixel.total=0.1469  recon.total=6.2599 |      | train_time=0:06:56  sec/batch=0.956  elapsed=12:39:07  eta=21:32:34
2026-07-07 11:09:31,069  INFO     Epoch   74/200 | V total=6.6431  cloud.adv=0.0000  cloud.kl=0.0000  cloud.l1=0.0000  cloud.l1.known=0.0150  cloud.l1.missing=0.0000  feature.matching=0.0000  gan.total=0.0000  perceptual=0.2164  perceptual.total=6.4930  pixel.total=0.1501  recon.total=6.6431 | val_time=0:00:19
2026-07-07 11:16:29,575  INFO     Epoch   75/200 | T total=19.0017  cloud.adv=0.4079  cloud.kl=0.0000  cloud.l1=0.0000  cloud.l1.known=0.0148  cloud.l1.missing=0.0000  disc.fake.logit=0.7808  disc.fake.loss=0.8129  disc.real.gp=0.0088  disc.real.logit=0.8447  disc.real.loss=0.3829  disc.total=1.2046  feature.matching=0.0867  gan.total=12.7483  perceptual=0.2035  perceptual.total=6.1059  pixel.total=0.1475  recon.total=6.2535 |      | train_time=0:06:57  sec/batch=0.958  elapsed=12:46:25  eta=21:17:22
2026-07-07 11:16:48,916  INFO     Epoch   75/200 | V total=6.6638  cloud.adv=0.0000  cloud.kl=0.0000  cloud.l1=0.0000  cloud.l1.known=0.0177  cloud.l1.missing=0.0000  feature.matching=0.0000  gan.total=0.0000  perceptual=0.2162  perceptual.total=6.4872  pixel.total=0.1767  recon.total=6.6638 | val_time=0:00:19
2026-07-07 11:23:49,137  INFO     Epoch   76/200 | T total=19.0350  cloud.adv=0.4100  cloud.kl=0.0000  cloud.l1=0.0000  cloud.l1.known=0.0146  cloud.l1.missing=0.0000  disc.fake.logit=0.7796  disc.fake.loss=0.8091  disc.real.gp=0.0093  disc.real.logit=0.8536  disc.real.loss=0.3817  disc.total=1.2000  feature.matching=0.0871  gan.total=12.8120  perceptual=0.2026  perceptual.total=6.0772  pixel.total=0.1459  recon.total=6.2231 |      | train_time=0:06:59  sec/batch=0.963  elapsed=12:53:44  eta=21:02:25
2026-07-07 11:24:08,792  INFO     Epoch   76/200 | V total=6.6266  cloud.adv=0.0000  cloud.kl=0.0000  cloud.l1=0.0000  cloud.l1.known=0.0166  cloud.l1.missing=0.0000  feature.matching=0.0000  gan.total=0.0000  perceptual=0.2154  perceptual.total=6.4611  pixel.total=0.1656  recon.total=6.6266 | val_time=0:00:19
2026-07-07 11:31:19,105  INFO     Epoch   77/200 | T total=18.8370  cloud.adv=0.4084  cloud.kl=0.0000  cloud.l1=0.0000  cloud.l1.known=0.0145  cloud.l1.missing=0.0000  disc.fake.logit=0.7785  disc.fake.loss=0.8101  disc.real.gp=0.0089  disc.real.logit=0.8399  disc.real.loss=0.3835  disc.total=1.2025  feature.matching=0.0854  gan.total=12.6253  perceptual=0.2022  perceptual.total=6.0671  pixel.total=0.1446  recon.total=6.2117 |      | train_time=0:07:09  sec/batch=0.986  elapsed=13:01:14  eta=20:47:57
2026-07-07 11:31:40,025  INFO     Epoch   77/200 | V total=6.6099  cloud.adv=0.0000  cloud.kl=0.0000  cloud.l1=0.0000  cloud.l1.known=0.0154  cloud.l1.missing=0.0000  feature.matching=0.0000  gan.total=0.0000  perceptual=0.2152  perceptual.total=6.4554  pixel.total=0.1544  recon.total=6.6099 | val_time=0:00:20
2026-07-07 11:38:55,361  INFO     Epoch   78/200 | T total=18.9391  cloud.adv=0.4115  cloud.kl=0.0000  cloud.l1=0.0000  cloud.l1.known=0.0141  cloud.l1.missing=0.0000  disc.fake.logit=0.7721  disc.fake.loss=0.8066  disc.real.gp=0.0091  disc.real.logit=0.8480  disc.real.loss=0.3829  disc.total=1.1986  feature.matching=0.0864  gan.total=12.7574  perceptual=0.2014  perceptual.total=6.0406  pixel.total=0.1411  recon.total=6.1817 |      | train_time=0:07:14  sec/batch=0.996  elapsed=13:08:51  eta=20:33:50
2026-07-07 11:39:14,455  INFO     Epoch   78/200 | V total=6.7237  cloud.adv=0.0000  cloud.kl=0.0000  cloud.l1=0.0000  cloud.l1.known=0.0165  cloud.l1.missing=0.0000  feature.matching=0.0000  gan.total=0.0000  perceptual=0.2186  perceptual.total=6.5592  pixel.total=0.1645  recon.total=6.7237 | val_time=0:00:19
2026-07-07 11:46:19,982  INFO     Epoch   79/200 | T total=18.9975  cloud.adv=0.4113  cloud.kl=0.0000  cloud.l1=0.0000  cloud.l1.known=0.0147  cloud.l1.missing=0.0000  disc.fake.logit=0.7697  disc.fake.loss=0.8101  disc.real.gp=0.0097  disc.real.logit=0.8531  disc.real.loss=0.3804  disc.total=1.2001  feature.matching=0.0868  gan.total=12.7948  perceptual=0.2019  perceptual.total=6.0559  pixel.total=0.1468  recon.total=6.2027 |      | train_time=0:07:04  sec/batch=0.975  elapsed=13:16:15  eta=20:19:35
2026-07-07 11:46:39,830  INFO     Epoch   79/200 | V total=6.5554  cloud.adv=0.0000  cloud.kl=0.0000  cloud.l1=0.0000  cloud.l1.known=0.0159  cloud.l1.missing=0.0000  feature.matching=0.0000  gan.total=0.0000  perceptual=0.2132  perceptual.total=6.3965  pixel.total=0.1589  recon.total=6.5554 | val_time=0:00:19
2026-07-07 11:53:57,242  INFO     Epoch   80/200 | T total=18.8691  cloud.adv=0.4105  cloud.kl=0.0000  cloud.l1=0.0000  cloud.l1.known=0.0146  cloud.l1.missing=0.0000  disc.fake.logit=0.7697  disc.fake.loss=0.8112  disc.real.gp=0.0086  disc.real.logit=0.8348  disc.real.loss=0.3852  disc.total=1.2050  feature.matching=0.0856  gan.total=12.6699  perceptual=0.2018  perceptual.total=6.0529  pixel.total=0.1462  recon.total=6.1991 |      | train_time=0:07:16  sec/batch=1.002  elapsed=13:23:52  eta=20:05:49
2026-07-07 11:54:16,698  INFO     Epoch   80/200 | V total=6.5184  cloud.adv=0.0000  cloud.kl=0.0000  cloud.l1=0.0000  cloud.l1.known=0.0156  cloud.l1.missing=0.0000  feature.matching=0.0000  gan.total=0.0000  perceptual=0.2121  perceptual.total=6.3626  pixel.total=0.1558  recon.total=6.5184 | val_time=0:00:19
2026-07-07 12:01:23,567  INFO     Epoch   81/200 | T total=18.5152  cloud.adv=0.4090  cloud.kl=0.0000  cloud.l1=0.0000  cloud.l1.known=0.0143  cloud.l1.missing=0.0000  disc.fake.logit=0.7761  disc.fake.loss=0.8098  disc.real.gp=0.0086  disc.real.logit=0.8340  disc.real.loss=0.3845  disc.total=1.2029  feature.matching=0.0825  gan.total=12.3417  perceptual=0.2010  perceptual.total=6.0309  pixel.total=0.1426  recon.total=6.1735 |      | train_time=0:07:06  sec/batch=0.978  elapsed=13:31:19  eta=19:51:56
2026-07-07 12:01:42,438  INFO     Epoch   81/200 | V total=6.5369  cloud.adv=0.0000  cloud.kl=0.0000  cloud.l1=0.0000  cloud.l1.known=0.0154  cloud.l1.missing=0.0000  feature.matching=0.0000  gan.total=0.0000  perceptual=0.2128  perceptual.total=6.3825  pixel.total=0.1543  recon.total=6.5369 | val_time=0:00:18
2026-07-07 12:08:52,286  INFO     Epoch   82/200 | T total=18.4618  cloud.adv=0.4072  cloud.kl=0.0000  cloud.l1=0.0000  cloud.l1.known=0.0140  cloud.l1.missing=0.0000  disc.fake.logit=0.7857  disc.fake.loss=0.8103  disc.real.gp=0.0085  disc.real.logit=0.8499  disc.real.loss=0.3808  disc.total=1.1996  feature.matching=0.0823  gan.total=12.3023  perceptual=0.2006  perceptual.total=6.0194  pixel.total=0.1401  recon.total=6.1595 |      | train_time=0:07:09  sec/batch=0.985  elapsed=13:38:48  eta=19:38:16
2026-07-07 12:09:12,482  INFO     Epoch   82/200 | V total=6.6220  cloud.adv=0.0000  cloud.kl=0.0000  cloud.l1=0.0000  cloud.l1.known=0.0160  cloud.l1.missing=0.0000  feature.matching=0.0000  gan.total=0.0000  perceptual=0.2154  perceptual.total=6.4617  pixel.total=0.1603  recon.total=6.6220 | val_time=0:00:20
2026-07-07 12:16:26,144  INFO     Epoch   83/200 | T total=18.4374  cloud.adv=0.4105  cloud.kl=0.0000  cloud.l1=0.0000  cloud.l1.known=0.0142  cloud.l1.missing=0.0000  disc.fake.logit=0.7800  disc.fake.loss=0.8076  disc.real.gp=0.0087  disc.real.logit=0.8481  disc.real.loss=0.3828  disc.total=1.1991  feature.matching=0.0819  gan.total=12.2964  perceptual=0.2000  perceptual.total=5.9985  pixel.total=0.1424  recon.total=6.1409 |      | train_time=0:07:12  sec/batch=0.993  elapsed=13:46:21  eta=19:24:52
2026-07-07 12:16:46,694  INFO     Epoch   83/200 | V total=6.7524  cloud.adv=0.0000  cloud.kl=0.0000  cloud.l1=0.0000  cloud.l1.known=0.0169  cloud.l1.missing=0.0000  feature.matching=0.0000  gan.total=0.0000  perceptual=0.2194  perceptual.total=6.5832  pixel.total=0.1692  recon.total=6.7524 | val_time=0:00:20
2026-07-07 12:23:51,734  INFO     Epoch   84/200 | T total=18.5243  cloud.adv=0.4107  cloud.kl=0.0000  cloud.l1=0.0000  cloud.l1.known=0.0147  cloud.l1.missing=0.0000  disc.fake.logit=0.7793  disc.fake.loss=0.8060  disc.real.gp=0.0086  disc.real.logit=0.8413  disc.real.loss=0.3840  disc.total=1.1987  feature.matching=0.0826  gan.total=12.3690  perceptual=0.2003  perceptual.total=6.0085  pixel.total=0.1468  recon.total=6.1553 |      | train_time=0:07:04  sec/batch=0.973  elapsed=13:53:47  eta=19:11:25
2026-07-07 12:24:10,411  INFO     Epoch   84/200 | V total=6.5994  cloud.adv=0.0000  cloud.kl=0.0000  cloud.l1=0.0000  cloud.l1.known=0.0151  cloud.l1.missing=0.0000  feature.matching=0.0000  gan.total=0.0000  perceptual=0.2150  perceptual.total=6.4487  pixel.total=0.1507  recon.total=6.5994 | val_time=0:00:18
2026-07-07 12:31:27,322  INFO     Epoch   85/200 | T total=18.5004  cloud.adv=0.4071  cloud.kl=0.0000  cloud.l1=0.0000  cloud.l1.known=0.0139  cloud.l1.missing=0.0000  disc.fake.logit=0.7862  disc.fake.loss=0.8087  disc.real.gp=0.0085  disc.real.logit=0.8385  disc.real.loss=0.3826  disc.total=1.1997  feature.matching=0.0831  gan.total=12.3792  perceptual=0.1994  perceptual.total=5.9819  pixel.total=0.1393  recon.total=6.1212 |      | train_time=0:07:16  sec/batch=1.001  elapsed=14:01:23  eta=18:58:20
2026-07-07 12:31:47,712  INFO     Epoch   85/200 | V total=6.4490  cloud.adv=0.0000  cloud.kl=0.0000  cloud.l1=0.0000  cloud.l1.known=0.0151  cloud.l1.missing=0.0000  feature.matching=0.0000  gan.total=0.0000  perceptual=0.2099  perceptual.total=6.2984  pixel.total=0.1506  recon.total=6.4490 | val_time=0:00:20
2026-07-07 12:39:02,778  INFO     Epoch   86/200 | T total=18.3781  cloud.adv=0.4086  cloud.kl=0.0000  cloud.l1=0.0000  cloud.l1.known=0.0141  cloud.l1.missing=0.0000  disc.fake.logit=0.7922  disc.fake.loss=0.8042  disc.real.gp=0.0091  disc.real.logit=0.8488  disc.real.loss=0.3827  disc.total=1.1959  feature.matching=0.0819  gan.total=12.2732  perceptual=0.1988  perceptual.total=5.9635  pixel.total=0.1414  recon.total=6.1049 |      | train_time=0:07:14  sec/batch=0.996  elapsed=14:08:58  eta=18:45:23
2026-07-07 12:39:23,879  INFO     Epoch   86/200 | V total=6.5898  cloud.adv=0.0000  cloud.kl=0.0000  cloud.l1=0.0000  cloud.l1.known=0.0158  cloud.l1.missing=0.0000  feature.matching=0.0000  gan.total=0.0000  perceptual=0.2144  perceptual.total=6.4317  pixel.total=0.1582  recon.total=6.5898 | val_time=0:00:21
2026-07-07 12:46:22,471  INFO     Epoch   87/200 | T total=17.7313  cloud.adv=0.4067  cloud.kl=0.0000  cloud.l1=0.0000  cloud.l1.known=0.0139  cloud.l1.missing=0.0000  disc.fake.logit=0.7818  disc.fake.loss=0.8077  disc.real.gp=0.0077  disc.real.logit=0.8215  disc.real.loss=0.3865  disc.total=1.2019  feature.matching=0.0758  gan.total=11.6463  perceptual=0.1982  perceptual.total=5.9455  pixel.total=0.1395  recon.total=6.0850 |      | train_time=0:06:57  sec/batch=0.958  elapsed=14:16:18  eta=18:32:12
2026-07-07 12:46:43,636  INFO     Epoch   87/200 | V total=6.4858  cloud.adv=0.0000  cloud.kl=0.0000  cloud.l1=0.0000  cloud.l1.known=0.0161  cloud.l1.missing=0.0000  feature.matching=0.0000  gan.total=0.0000  perceptual=0.2108  perceptual.total=6.3247  pixel.total=0.1611  recon.total=6.4858 | val_time=0:00:21
2026-07-07 12:54:03,248  INFO     Epoch   88/200 | T total=18.1488  cloud.adv=0.4081  cloud.kl=0.0000  cloud.l1=0.0000  cloud.l1.known=0.0139  cloud.l1.missing=0.0000  disc.fake.logit=0.7900  disc.fake.loss=0.8058  disc.real.gp=0.0086  disc.real.logit=0.8397  disc.real.loss=0.3843  disc.total=1.1987  feature.matching=0.0798  gan.total=12.0566  perceptual=0.1984  perceptual.total=5.9534  pixel.total=0.1388  recon.total=6.0922 |      | train_time=0:07:18  sec/batch=1.007  elapsed=14:23:58  eta=18:19:36
2026-07-07 12:54:23,757  INFO     Epoch   88/200 | V total=6.6528  cloud.adv=0.0000  cloud.kl=0.0000  cloud.l1=0.0000  cloud.l1.known=0.0173  cloud.l1.missing=0.0000  feature.matching=0.0000  gan.total=0.0000  perceptual=0.2160  perceptual.total=6.4795  pixel.total=0.1732  recon.total=6.6528 | val_time=0:00:20
2026-07-07 13:01:36,948  INFO     Epoch   89/200 | T total=18.2082  cloud.adv=0.4079  cloud.kl=0.0000  cloud.l1=0.0000  cloud.l1.known=0.0141  cloud.l1.missing=0.0000  disc.fake.logit=0.7901  disc.fake.loss=0.8036  disc.real.gp=0.0090  disc.real.logit=0.8351  disc.real.loss=0.3851  disc.total=1.1977  feature.matching=0.0803  gan.total=12.1044  perceptual=0.1987  perceptual.total=5.9625  pixel.total=0.1413  recon.total=6.1038 |      | train_time=0:07:12  sec/batch=0.992  elapsed=14:31:32  eta=18:06:58
2026-07-07 13:01:56,666  INFO     Epoch   89/200 | V total=6.4997  cloud.adv=0.0000  cloud.kl=0.0000  cloud.l1=0.0000  cloud.l1.known=0.0163  cloud.l1.missing=0.0000  feature.matching=0.0000  gan.total=0.0000  perceptual=0.2112  perceptual.total=6.3372  pixel.total=0.1625  recon.total=6.4997 | val_time=0:00:19
2026-07-07 13:08:57,324  INFO     Epoch   90/200 | T total=17.7253  cloud.adv=0.4053  cloud.kl=0.0000  cloud.l1=0.0000  cloud.l1.known=0.0140  cloud.l1.missing=0.0000  disc.fake.logit=0.7901  disc.fake.loss=0.8063  disc.real.gp=0.0083  disc.real.logit=0.8215  disc.real.loss=0.3866  disc.total=1.2012  feature.matching=0.0761  gan.total=11.6657  perceptual=0.1973  perceptual.total=5.9193  pixel.total=0.1403  recon.total=6.0597 |      | train_time=0:07:00  sec/batch=0.963  elapsed=14:38:53  eta=17:54:11
2026-07-07 13:09:17,953  INFO     Epoch   90/200 | V total=6.5367  cloud.adv=0.0000  cloud.kl=0.0000  cloud.l1=0.0000  cloud.l1.known=0.0166  cloud.l1.missing=0.0000  feature.matching=0.0000  gan.total=0.0000  perceptual=0.2123  perceptual.total=6.3704  pixel.total=0.1663  recon.total=6.5367 | val_time=0:00:20
2026-07-07 13:16:32,675  INFO     Epoch   91/200 | T total=17.7945  cloud.adv=0.4065  cloud.kl=0.0000  cloud.l1=0.0000  cloud.l1.known=0.0138  cloud.l1.missing=0.0000  disc.fake.logit=0.7992  disc.fake.loss=0.8049  disc.real.gp=0.0084  disc.real.logit=0.8375  disc.real.loss=0.3847  disc.total=1.1981  feature.matching=0.0769  gan.total=11.7514  perceptual=0.1968  perceptual.total=5.9052  pixel.total=0.1379  recon.total=6.0430 |      | train_time=0:07:14  sec/batch=0.996  elapsed=14:46:28  eta=17:41:49
2026-07-07 13:16:53,524  INFO     Epoch   91/200 | V total=6.7778  cloud.adv=0.0000  cloud.kl=0.0000  cloud.l1=0.0000  cloud.l1.known=0.0208  cloud.l1.missing=0.0000  feature.matching=0.0000  gan.total=0.0000  perceptual=0.2190  perceptual.total=6.5694  pixel.total=0.2084  recon.total=6.7778 | val_time=0:00:20
2026-07-07 13:24:09,803  INFO     Epoch   92/200 | T total=18.0009  cloud.adv=0.4073  cloud.kl=0.0000  cloud.l1=0.0000  cloud.l1.known=0.0143  cloud.l1.missing=0.0000  disc.fake.logit=0.7940  disc.fake.loss=0.8017  disc.real.gp=0.0081  disc.real.logit=0.8346  disc.real.loss=0.3852  disc.total=1.1950  feature.matching=0.0788  gan.total=11.9502  perceptual=0.1969  perceptual.total=5.9081  pixel.total=0.1426  recon.total=6.0507 |      | train_time=0:07:15  sec/batch=0.999  elapsed=14:54:05  eta=17:29:35
2026-07-07 13:24:28,957  INFO     Epoch   92/200 | V total=6.6971  cloud.adv=0.0000  cloud.kl=0.0000  cloud.l1=0.0000  cloud.l1.known=0.0183  cloud.l1.missing=0.0000  feature.matching=0.0000  gan.total=0.0000  perceptual=0.2172  perceptual.total=6.5146  pixel.total=0.1825  recon.total=6.6971 | val_time=0:00:19
2026-07-07 13:31:32,878  INFO     Epoch   93/200 | T total=17.5915  cloud.adv=0.4067  cloud.kl=0.0000  cloud.l1=0.0000  cloud.l1.known=0.0139  cloud.l1.missing=0.0000  disc.fake.logit=0.7928  disc.fake.loss=0.8053  disc.real.gp=0.0071  disc.real.logit=0.8272  disc.real.loss=0.3866  disc.total=1.1989  feature.matching=0.0749  gan.total=11.5542  perceptual=0.1966  perceptual.total=5.8979  pixel.total=0.1394  recon.total=6.0373 |      | train_time=0:07:03  sec/batch=0.971  elapsed=15:01:28  eta=17:17:10
2026-07-07 13:31:52,639  INFO     Epoch   93/200 | V total=6.6511  cloud.adv=0.0000  cloud.kl=0.0000  cloud.l1=0.0000  cloud.l1.known=0.0152  cloud.l1.missing=0.0000  feature.matching=0.0000  gan.total=0.0000  perceptual=0.2167  perceptual.total=6.4995  pixel.total=0.1516  recon.total=6.6511 | val_time=0:00:19
2026-07-07 13:39:07,187  INFO     Epoch   94/200 | T total=17.4072  cloud.adv=0.4057  cloud.kl=0.0000  cloud.l1=0.0000  cloud.l1.known=0.0136  cloud.l1.missing=0.0000  disc.fake.logit=0.7954  disc.fake.loss=0.8053  disc.real.gp=0.0069  disc.real.logit=0.8280  disc.real.loss=0.3863  disc.total=1.1984  feature.matching=0.0733  gan.total=11.3846  perceptual=0.1962  perceptual.total=5.8863  pixel.total=0.1363  recon.total=6.0226 |      | train_time=0:07:13  sec/batch=0.995  elapsed=15:09:02  eta=17:05:05
2026-07-07 13:39:27,062  INFO     Epoch   94/200 | V total=6.5793  cloud.adv=0.0000  cloud.kl=0.0000  cloud.l1=0.0000  cloud.l1.known=0.0154  cloud.l1.missing=0.0000  feature.matching=0.0000  gan.total=0.0000  perceptual=0.2142  perceptual.total=6.4250  pixel.total=0.1543  recon.total=6.5793 | val_time=0:00:19
